<?xml version="1.0" encoding="UTF-8"?>
<!-- Generated by org.testng.reporters.JUnitReportReporter -->
<testsuite skipped="0" hostname="LAPTOP-VHQ" name="pagetest.TestReserva" tests="1" failures="0" timestamp="2020-05-14T11:26:18 COT" time="16.076" errors="0">
  <testcase name="reservaPage" time="16.076" classname="pagetest.TestReserva"/>
  <system-out/>
</testsuite> <!-- pagetest.TestReserva -->
